Build started 12/11/2016 4:28:06 PM.
     1>Project "C:\Users\Joao Pereira\Documents\Visual Studio 2010\Projects\Trab4_VS\Trab4_VS\Trab4_VS.vcxproj" on node 2 (build target(s)).
     1>InitializeBuildStatus:
         Creating "Debug\Trab4_VS.unsuccessfulbuild" because "AlwaysCreate" was specified.
       ClCompile:
         c:\Program Files (x86)\Microsoft Visual Studio 10.0\VC\bin\CL.exe /c /ZI /nologo /W3 /WX- /Od /Oy- /D WIN32 /D _DEBUG /D _CONSOLE /D _SECURE_CRT_NO_WARNINGS /D _UNICODE /D UNICODE /Gm /EHsc /RTC1 /MT /GS /fp:precise /Zc:wchar_t /Zc:forScope /Fo"Debug\\" /Fd"Debug\vc100.pdb" /Gd /TC /analyze- /errorReport:prompt LISTA.C
         LISTA.C
     1>c:\users\joao pereira\documents\visual studio 2010\projects\trab4_vs\trab4_vs\lista.c(124): warning C4996: 'strcpy': This function or variable may be unsafe. Consider using strcpy_s instead. To disable deprecation, use _CRT_SECURE_NO_WARNINGS. See online help for details.
                 c:\program files (x86)\microsoft visual studio 10.0\vc\include\string.h(105) : see declaration of 'strcpy'
     1>c:\users\joao pereira\documents\visual studio 2010\projects\trab4_vs\trab4_vs\lista.c(145): warning C4996: 'strcpy': This function or variable may be unsafe. Consider using strcpy_s instead. To disable deprecation, use _CRT_SECURE_NO_WARNINGS. See online help for details.
                 c:\program files (x86)\microsoft visual studio 10.0\vc\include\string.h(105) : see declaration of 'strcpy'
     1>c:\users\joao pereira\documents\visual studio 2010\projects\trab4_vs\trab4_vs\lista.c(751): warning C4033: 'LIS_VerificarEstrutura' must return a value
     1>c:\users\joao pereira\documents\visual studio 2010\projects\trab4_vs\trab4_vs\lista.c(841): warning C4715: 'LIS_VerificarEstrutura' : not all control paths return a value
       ManifestResourceCompile:
         All outputs are up-to-date.
       Link:
         c:\Program Files (x86)\Microsoft Visual Studio 10.0\VC\bin\link.exe /ERRORREPORT:PROMPT /OUT:"C:\Users\Joao Pereira\Documents\Visual Studio 2010\Projects\Trab4_VS\Debug\Trab4_VS.exe" /INCREMENTAL /NOLOGO ArcaboucoTeste.lib kernel32.lib user32.lib gdi32.lib winspool.lib comdlg32.lib advapi32.lib shell32.lib ole32.lib oleaut32.lib uuid.lib odbc32.lib odbccp32.lib /MANIFEST /ManifestFile:"Debug\Trab4_VS.exe.intermediate.manifest" /MANIFESTUAC:"level='asInvoker' uiAccess='false'" /DEBUG /PDB:"C:\Users\Joao Pereira\Documents\Visual Studio 2010\Projects\Trab4_VS\Debug\Trab4_VS.pdb" /SUBSYSTEM:CONSOLE /TLBID:1 /DYNAMICBASE /NXCOMPAT /IMPLIB:"C:\Users\Joao Pereira\Documents\Visual Studio 2010\Projects\Trab4_VS\Debug\Trab4_VS.lib" /MACHINE:X86 Debug\Trab4_VS.exe.embed.manifest.res
         Debug\GERAALT.obj
         Debug\JOGO.obj
         Debug\LISTA.obj
         Debug\MATRIZ.obj
         Debug\PECA.obj
         Debug\TABULEIRO.obj
         Debug\TESTLIS.obj
         Debug\TIPO_PECA.obj
         ArcaboucoTeste.lib
       Manifest:
         c:\Program Files (x86)\Microsoft SDKs\Windows\v7.0A\bin\mt.exe /nologo /verbose /out:"Debug\Trab4_VS.exe.embed.manifest" /manifest Debug\Trab4_VS.exe.intermediate.manifest
         All outputs are up-to-date.
       LinkEmbedManifest:
         All outputs are up-to-date.
         Trab4_VS.vcxproj -> C:\Users\Joao Pereira\Documents\Visual Studio 2010\Projects\Trab4_VS\Debug\Trab4_VS.exe
       FinalizeBuildStatus:
         Deleting file "Debug\Trab4_VS.unsuccessfulbuild".
         Touching "Debug\Trab4_VS.lastbuildstate".
     1>Done Building Project "C:\Users\Joao Pereira\Documents\Visual Studio 2010\Projects\Trab4_VS\Trab4_VS\Trab4_VS.vcxproj" (build target(s)).

Build succeeded.

Time Elapsed 00:00:00.58
