Build started 12/11/2016 12:21:22 PM.
     1>Project "C:\Users\Joao Pereira\Documents\Visual Studio 2010\Projects\Trab4_VS\Trab4_VS\Trab4_VS.vcxproj" on node 2 (build target(s)).
     1>InitializeBuildStatus:
         Creating "Release\Trab4_VS.unsuccessfulbuild" because "AlwaysCreate" was specified.
       ClCompile:
         c:\Program Files (x86)\Microsoft Visual Studio 10.0\VC\bin\CL.exe /c /Zi /nologo /W3 /WX- /O2 /Oi /Oy- /GL /D WIN32 /D NDEBUG /D _CONSOLE /D _CRT_SECURE_NO_WARNING /D _UNICODE /D UNICODE /Gm- /EHsc /MT /GS /Gy /fp:precise /Zc:wchar_t /Zc:forScope /Fo"Release\\" /Fd"Release\vc100.pdb" /Gd /TC /analyze- /errorReport:prompt LISTA.C
         LISTA.C
     1>LISTA.C(122): warning C4996: 'strcpy': This function or variable may be unsafe. Consider using strcpy_s instead. To disable deprecation, use _CRT_SECURE_NO_WARNINGS. See online help for details.
     1>LISTA.C(143): warning C4996: 'strcpy': This function or variable may be unsafe. Consider using strcpy_s instead. To disable deprecation, use _CRT_SECURE_NO_WARNINGS. See online help for details.
       Link:
         c:\Program Files (x86)\Microsoft Visual Studio 10.0\VC\bin\link.exe /ERRORREPORT:PROMPT /OUT:"C:\Users\Joao Pereira\Documents\Visual Studio 2010\Projects\Trab4_VS\Release\Trab4_VS.exe" /INCREMENTAL:NO /NOLOGO ArcaboucoTeste.lib kernel32.lib user32.lib gdi32.lib winspool.lib comdlg32.lib advapi32.lib shell32.lib ole32.lib oleaut32.lib uuid.lib odbc32.lib odbccp32.lib /MANIFEST /ManifestFile:"Release\Trab4_VS.exe.intermediate.manifest" /MANIFESTUAC:"level='asInvoker' uiAccess='false'" /DEBUG /PDB:"C:\Users\Joao Pereira\Documents\Visual Studio 2010\Projects\Trab4_VS\Release\Trab4_VS.pdb" /SUBSYSTEM:CONSOLE /OPT:REF /OPT:ICF /LTCG /TLBID:1 /DYNAMICBASE /NXCOMPAT /IMPLIB:"C:\Users\Joao Pereira\Documents\Visual Studio 2010\Projects\Trab4_VS\Release\Trab4_VS.lib" /MACHINE:X86 Release\CESPDIN.obj
         Release\GERAALT.obj
         Release\LISTA.obj
         Release\MATRIZ.obj
         Release\PECA.obj
         Release\TABULEIRO.obj
         Release\TESTLIS.obj
         Release\TIPO_PECA.obj
         ArcaboucoTeste.lib
         Generating code
         Finished generating code
         Trab4_VS.vcxproj -> C:\Users\Joao Pereira\Documents\Visual Studio 2010\Projects\Trab4_VS\Release\Trab4_VS.exe
       Manifest:
         c:\Program Files (x86)\Microsoft SDKs\Windows\v7.0A\bin\mt.exe /nologo /verbose /outputresource:"C:\Users\Joao Pereira\Documents\Visual Studio 2010\Projects\Trab4_VS\Release\Trab4_VS.exe;#1" /manifest Release\Trab4_VS.exe.intermediate.manifest
       FinalizeBuildStatus:
         Deleting file "Release\Trab4_VS.unsuccessfulbuild".
         Touching "Release\Trab4_VS.lastbuildstate".
     1>Done Building Project "C:\Users\Joao Pereira\Documents\Visual Studio 2010\Projects\Trab4_VS\Trab4_VS\Trab4_VS.vcxproj" (build target(s)).

Build succeeded.

Time Elapsed 00:00:00.63
